app/build/intermediates/manifest_merge_blame_file/debug/manifest-merger-blame-debug-report.txt
1<?xml version="1.0" encoding="utf-8"?>
2<manifest xmlns:android="http://schemas.android.com/apk/res/android"
3    package="com.compasspro.debug"
4    android:versionCode="1"
5    android:versionName="1.0.0" >
6
7    <uses-sdk
8        android:minSdkVersion="24"
9        android:targetSdkVersion="34" />
10
11    <!-- Location Permissions -->
12    <uses-permission android:name="android.permission.ACCESS_FINE_LOCATION" />
12-->src/main/AndroidManifest.xml:6:5-79
12-->src/main/AndroidManifest.xml:6:22-76
13    <uses-permission android:name="android.permission.ACCESS_COARSE_LOCATION" />
13-->src/main/AndroidManifest.xml:7:5-81
13-->src/main/AndroidManifest.xml:7:22-78
14    <uses-permission android:name="android.permission.ACCESS_BACKGROUND_LOCATION" />
14-->src/main/AndroidManifest.xml:8:5-85
14-->src/main/AndroidManifest.xml:8:22-82
15
16    <!-- Network Permissions -->
17    <uses-permission android:name="android.permission.INTERNET" />
17-->src/main/AndroidManifest.xml:11:5-67
17-->src/main/AndroidManifest.xml:11:22-64
18    <uses-permission android:name="android.permission.ACCESS_NETWORK_STATE" />
18-->src/main/AndroidManifest.xml:12:5-79
18-->src/main/AndroidManifest.xml:12:22-76
19
20    <!-- Sensor Permissions -->
21    <uses-permission android:name="android.permission.WAKE_LOCK" />
21-->src/main/AndroidManifest.xml:15:5-68
21-->src/main/AndroidManifest.xml:15:22-65
22
23    <!-- Hardware Features -->
24    <uses-feature
24-->src/main/AndroidManifest.xml:18:5-20:35
25        android:name="android.hardware.sensor.accelerometer"
25-->src/main/AndroidManifest.xml:19:9-61
26        android:required="true" />
26-->src/main/AndroidManifest.xml:20:9-32
27    <uses-feature
27-->src/main/AndroidManifest.xml:21:5-23:35
28        android:name="android.hardware.sensor.magnetometer"
28-->src/main/AndroidManifest.xml:22:9-60
29        android:required="true" />
29-->src/main/AndroidManifest.xml:23:9-32
30    <uses-feature
30-->src/main/AndroidManifest.xml:24:5-26:35
31        android:name="android.hardware.location"
31-->src/main/AndroidManifest.xml:25:9-49
32        android:required="true" />
32-->src/main/AndroidManifest.xml:26:9-32
33    <uses-feature
33-->src/main/AndroidManifest.xml:27:5-29:36
34        android:name="android.hardware.location.gps"
34-->src/main/AndroidManifest.xml:28:9-53
35        android:required="false" />
35-->src/main/AndroidManifest.xml:29:9-33
36
37    <uses-permission android:name="android.permission.RECEIVE_BOOT_COMPLETED" />
37-->[androidx.work:work-runtime:2.9.0] AndroidManifest.xml:25:5-81
37-->[androidx.work:work-runtime:2.9.0] AndroidManifest.xml:25:22-78
38    <uses-permission android:name="android.permission.FOREGROUND_SERVICE" />
38-->[androidx.work:work-runtime:2.9.0] AndroidManifest.xml:26:5-77
38-->[androidx.work:work-runtime:2.9.0] AndroidManifest.xml:26:22-74
39
40    <permission
40-->[androidx.core:core:1.12.0] AndroidManifest.xml:22:5-24:47
41        android:name="com.compasspro.debug.DYNAMIC_RECEIVER_NOT_EXPORTED_PERMISSION"
41-->[androidx.core:core:1.12.0] AndroidManifest.xml:23:9-81
42        android:protectionLevel="signature" />
42-->[androidx.core:core:1.12.0] AndroidManifest.xml:24:9-44
43
44    <uses-permission android:name="com.compasspro.debug.DYNAMIC_RECEIVER_NOT_EXPORTED_PERMISSION" />
44-->[androidx.core:core:1.12.0] AndroidManifest.xml:26:5-97
44-->[androidx.core:core:1.12.0] AndroidManifest.xml:26:22-94
45
46    <application
46-->src/main/AndroidManifest.xml:31:5-80:19
47        android:name="com.compasspro.CompassApplication"
47-->src/main/AndroidManifest.xml:32:9-43
48        android:allowBackup="true"
48-->src/main/AndroidManifest.xml:33:9-35
49        android:appComponentFactory="androidx.core.app.CoreComponentFactory"
49-->[androidx.core:core:1.12.0] AndroidManifest.xml:28:18-86
50        android:dataExtractionRules="@xml/data_extraction_rules"
50-->src/main/AndroidManifest.xml:34:9-65
51        android:debuggable="true"
52        android:extractNativeLibs="false"
53        android:fullBackupContent="@xml/backup_rules"
53-->src/main/AndroidManifest.xml:35:9-54
54        android:icon="@mipmap/ic_launcher"
54-->src/main/AndroidManifest.xml:36:9-43
55        android:label="@string/app_name"
55-->src/main/AndroidManifest.xml:37:9-41
56        android:roundIcon="@mipmap/ic_launcher_round"
56-->src/main/AndroidManifest.xml:38:9-54
57        android:supportsRtl="true"
57-->src/main/AndroidManifest.xml:39:9-35
58        android:theme="@style/Theme.CompassPro" >
58-->src/main/AndroidManifest.xml:40:9-48
59        <activity
59-->src/main/AndroidManifest.xml:43:9-54:20
60            android:name="com.compasspro.ui.MainActivity"
60-->src/main/AndroidManifest.xml:44:13-44
61            android:configChanges="orientation|keyboardHidden|screenSize"
61-->src/main/AndroidManifest.xml:49:13-74
62            android:exported="true"
62-->src/main/AndroidManifest.xml:45:13-36
63            android:label="@string/app_name"
63-->src/main/AndroidManifest.xml:46:13-45
64            android:screenOrientation="portrait"
64-->src/main/AndroidManifest.xml:48:13-49
65            android:theme="@style/Theme.CompassPro" >
65-->src/main/AndroidManifest.xml:47:13-52
66            <intent-filter>
66-->src/main/AndroidManifest.xml:50:13-53:29
67                <action android:name="android.intent.action.MAIN" />
67-->src/main/AndroidManifest.xml:51:17-69
67-->src/main/AndroidManifest.xml:51:25-66
68
69                <category android:name="android.intent.category.LAUNCHER" />
69-->src/main/AndroidManifest.xml:52:17-77
69-->src/main/AndroidManifest.xml:52:27-74
70            </intent-filter>
71        </activity>
72
73        <!-- Location Service -->
74        <service
74-->src/main/AndroidManifest.xml:57:9-61:56
75            android:name="com.compasspro.service.LocationService"
75-->src/main/AndroidManifest.xml:58:13-52
76            android:enabled="true"
76-->src/main/AndroidManifest.xml:59:13-35
77            android:exported="false"
77-->src/main/AndroidManifest.xml:60:13-37
78            android:foregroundServiceType="location" />
78-->src/main/AndroidManifest.xml:61:13-53
79
80        <!-- Sensor Service -->
81        <service
81-->src/main/AndroidManifest.xml:64:9-67:40
82            android:name="com.compasspro.service.SensorService"
82-->src/main/AndroidManifest.xml:65:13-50
83            android:enabled="true"
83-->src/main/AndroidManifest.xml:66:13-35
84            android:exported="false" />
84-->src/main/AndroidManifest.xml:67:13-37
85
86        <!-- Work Manager -->
87        <provider
88            android:name="androidx.startup.InitializationProvider"
88-->src/main/AndroidManifest.xml:71:13-67
89            android:authorities="com.compasspro.debug.androidx-startup"
89-->src/main/AndroidManifest.xml:72:13-68
90            android:exported="false" >
90-->src/main/AndroidManifest.xml:73:13-37
91            <meta-data
91-->src/main/AndroidManifest.xml:75:13-77:52
92                android:name="androidx.work.WorkManagerInitializer"
92-->src/main/AndroidManifest.xml:76:17-68
93                android:value="androidx.startup" />
93-->src/main/AndroidManifest.xml:77:17-49
94            <meta-data
94-->[androidx.emoji2:emoji2:1.4.0] AndroidManifest.xml:29:13-31:52
95                android:name="androidx.emoji2.text.EmojiCompatInitializer"
95-->[androidx.emoji2:emoji2:1.4.0] AndroidManifest.xml:30:17-75
96                android:value="androidx.startup" />
96-->[androidx.emoji2:emoji2:1.4.0] AndroidManifest.xml:31:17-49
97            <meta-data
97-->[androidx.lifecycle:lifecycle-process:2.7.0] AndroidManifest.xml:29:13-31:52
98                android:name="androidx.lifecycle.ProcessLifecycleInitializer"
98-->[androidx.lifecycle:lifecycle-process:2.7.0] AndroidManifest.xml:30:17-78
99                android:value="androidx.startup" />
99-->[androidx.lifecycle:lifecycle-process:2.7.0] AndroidManifest.xml:31:17-49
100            <meta-data
100-->[androidx.profileinstaller:profileinstaller:1.3.0] AndroidManifest.xml:29:13-31:52
101                android:name="androidx.profileinstaller.ProfileInstallerInitializer"
101-->[androidx.profileinstaller:profileinstaller:1.3.0] AndroidManifest.xml:30:17-85
102                android:value="androidx.startup" />
102-->[androidx.profileinstaller:profileinstaller:1.3.0] AndroidManifest.xml:31:17-49
103        </provider>
104
105        <activity
105-->[androidx.compose.ui:ui-tooling-android:1.5.4] AndroidManifest.xml:23:9-25:39
106            android:name="androidx.compose.ui.tooling.PreviewActivity"
106-->[androidx.compose.ui:ui-tooling-android:1.5.4] AndroidManifest.xml:24:13-71
107            android:exported="true" />
107-->[androidx.compose.ui:ui-tooling-android:1.5.4] AndroidManifest.xml:25:13-36
108        <activity
108-->[androidx.compose.ui:ui-test-manifest:1.5.4] AndroidManifest.xml:23:9-25:39
109            android:name="androidx.activity.ComponentActivity"
109-->[androidx.compose.ui:ui-test-manifest:1.5.4] AndroidManifest.xml:24:13-63
110            android:exported="true" />
110-->[androidx.compose.ui:ui-test-manifest:1.5.4] AndroidManifest.xml:25:13-36
111
112        <service
112-->[androidx.work:work-runtime:2.9.0] AndroidManifest.xml:39:9-45:35
113            android:name="androidx.work.impl.background.systemalarm.SystemAlarmService"
113-->[androidx.work:work-runtime:2.9.0] AndroidManifest.xml:40:13-88
114            android:directBootAware="false"
114-->[androidx.work:work-runtime:2.9.0] AndroidManifest.xml:41:13-44
115            android:enabled="@bool/enable_system_alarm_service_default"
115-->[androidx.work:work-runtime:2.9.0] AndroidManifest.xml:42:13-72
116            android:exported="false" />
116-->[androidx.work:work-runtime:2.9.0] AndroidManifest.xml:43:13-37
117        <service
117-->[androidx.work:work-runtime:2.9.0] AndroidManifest.xml:46:9-52:35
118            android:name="androidx.work.impl.background.systemjob.SystemJobService"
118-->[androidx.work:work-runtime:2.9.0] AndroidManifest.xml:47:13-84
119            android:directBootAware="false"
119-->[androidx.work:work-runtime:2.9.0] AndroidManifest.xml:48:13-44
120            android:enabled="@bool/enable_system_job_service_default"
120-->[androidx.work:work-runtime:2.9.0] AndroidManifest.xml:49:13-70
121            android:exported="true"
121-->[androidx.work:work-runtime:2.9.0] AndroidManifest.xml:50:13-36
122            android:permission="android.permission.BIND_JOB_SERVICE" />
122-->[androidx.work:work-runtime:2.9.0] AndroidManifest.xml:51:13-69
123        <service
123-->[androidx.work:work-runtime:2.9.0] AndroidManifest.xml:53:9-59:35
124            android:name="androidx.work.impl.foreground.SystemForegroundService"
124-->[androidx.work:work-runtime:2.9.0] AndroidManifest.xml:54:13-81
125            android:directBootAware="false"
125-->[androidx.work:work-runtime:2.9.0] AndroidManifest.xml:55:13-44
126            android:enabled="@bool/enable_system_foreground_service_default"
126-->[androidx.work:work-runtime:2.9.0] AndroidManifest.xml:56:13-77
127            android:exported="false" />
127-->[androidx.work:work-runtime:2.9.0] AndroidManifest.xml:57:13-37
128
129        <receiver
129-->[androidx.work:work-runtime:2.9.0] AndroidManifest.xml:61:9-66:35
130            android:name="androidx.work.impl.utils.ForceStopRunnable$BroadcastReceiver"
130-->[androidx.work:work-runtime:2.9.0] AndroidManifest.xml:62:13-88
131            android:directBootAware="false"
131-->[androidx.work:work-runtime:2.9.0] AndroidManifest.xml:63:13-44
132            android:enabled="true"
132-->[androidx.work:work-runtime:2.9.0] AndroidManifest.xml:64:13-35
133            android:exported="false" />
133-->[androidx.work:work-runtime:2.9.0] AndroidManifest.xml:65:13-37
134        <receiver
134-->[androidx.work:work-runtime:2.9.0] AndroidManifest.xml:67:9-77:20
135            android:name="androidx.work.impl.background.systemalarm.ConstraintProxy$BatteryChargingProxy"
135-->[androidx.work:work-runtime:2.9.0] AndroidManifest.xml:68:13-106
136            android:directBootAware="false"
136-->[androidx.work:work-runtime:2.9.0] AndroidManifest.xml:69:13-44
137            android:enabled="false"
137-->[androidx.work:work-runtime:2.9.0] AndroidManifest.xml:70:13-36
138            android:exported="false" >
138-->[androidx.work:work-runtime:2.9.0] AndroidManifest.xml:71:13-37
139            <intent-filter>
139-->[androidx.work:work-runtime:2.9.0] AndroidManifest.xml:73:13-76:29
140                <action android:name="android.intent.action.ACTION_POWER_CONNECTED" />
140-->[androidx.work:work-runtime:2.9.0] AndroidManifest.xml:74:17-87
140-->[androidx.work:work-runtime:2.9.0] AndroidManifest.xml:74:25-84
141                <action android:name="android.intent.action.ACTION_POWER_DISCONNECTED" />
141-->[androidx.work:work-runtime:2.9.0] AndroidManifest.xml:75:17-90
141-->[androidx.work:work-runtime:2.9.0] AndroidManifest.xml:75:25-87
142            </intent-filter>
143        </receiver>
144        <receiver
144-->[androidx.work:work-runtime:2.9.0] AndroidManifest.xml:78:9-88:20
145            android:name="androidx.work.impl.background.systemalarm.ConstraintProxy$BatteryNotLowProxy"
145-->[androidx.work:work-runtime:2.9.0] AndroidManifest.xml:79:13-104
146            android:directBootAware="false"
146-->[androidx.work:work-runtime:2.9.0] AndroidManifest.xml:80:13-44
147            android:enabled="false"
147-->[androidx.work:work-runtime:2.9.0] AndroidManifest.xml:81:13-36
148            android:exported="false" >
148-->[androidx.work:work-runtime:2.9.0] AndroidManifest.xml:82:13-37
149            <intent-filter>
149-->[androidx.work:work-runtime:2.9.0] AndroidManifest.xml:84:13-87:29
150                <action android:name="android.intent.action.BATTERY_OKAY" />
150-->[androidx.work:work-runtime:2.9.0] AndroidManifest.xml:85:17-77
150-->[androidx.work:work-runtime:2.9.0] AndroidManifest.xml:85:25-74
151                <action android:name="android.intent.action.BATTERY_LOW" />
151-->[androidx.work:work-runtime:2.9.0] AndroidManifest.xml:86:17-76
151-->[androidx.work:work-runtime:2.9.0] AndroidManifest.xml:86:25-73
152            </intent-filter>
153        </receiver>
154        <receiver
154-->[androidx.work:work-runtime:2.9.0] AndroidManifest.xml:89:9-99:20
155            android:name="androidx.work.impl.background.systemalarm.ConstraintProxy$StorageNotLowProxy"
155-->[androidx.work:work-runtime:2.9.0] AndroidManifest.xml:90:13-104
156            android:directBootAware="false"
156-->[androidx.work:work-runtime:2.9.0] AndroidManifest.xml:91:13-44
157            android:enabled="false"
157-->[androidx.work:work-runtime:2.9.0] AndroidManifest.xml:92:13-36
158            android:exported="false" >
158-->[androidx.work:work-runtime:2.9.0] AndroidManifest.xml:93:13-37
159            <intent-filter>
159-->[androidx.work:work-runtime:2.9.0] AndroidManifest.xml:95:13-98:29
160                <action android:name="android.intent.action.DEVICE_STORAGE_LOW" />
160-->[androidx.work:work-runtime:2.9.0] AndroidManifest.xml:96:17-83
160-->[androidx.work:work-runtime:2.9.0] AndroidManifest.xml:96:25-80
161                <action android:name="android.intent.action.DEVICE_STORAGE_OK" />
161-->[androidx.work:work-runtime:2.9.0] AndroidManifest.xml:97:17-82
161-->[androidx.work:work-runtime:2.9.0] AndroidManifest.xml:97:25-79
162            </intent-filter>
163        </receiver>
164        <receiver
164-->[androidx.work:work-runtime:2.9.0] AndroidManifest.xml:100:9-109:20
165            android:name="androidx.work.impl.background.systemalarm.ConstraintProxy$NetworkStateProxy"
165-->[androidx.work:work-runtime:2.9.0] AndroidManifest.xml:101:13-103
166            android:directBootAware="false"
166-->[androidx.work:work-runtime:2.9.0] AndroidManifest.xml:102:13-44
167            android:enabled="false"
167-->[androidx.work:work-runtime:2.9.0] AndroidManifest.xml:103:13-36
168            android:exported="false" >
168-->[androidx.work:work-runtime:2.9.0] AndroidManifest.xml:104:13-37
169            <intent-filter>
169-->[androidx.work:work-runtime:2.9.0] AndroidManifest.xml:106:13-108:29
170                <action android:name="android.net.conn.CONNECTIVITY_CHANGE" />
170-->[androidx.work:work-runtime:2.9.0] AndroidManifest.xml:107:17-79
170-->[androidx.work:work-runtime:2.9.0] AndroidManifest.xml:107:25-76
171            </intent-filter>
172        </receiver>
173        <receiver
173-->[androidx.work:work-runtime:2.9.0] AndroidManifest.xml:110:9-121:20
174            android:name="androidx.work.impl.background.systemalarm.RescheduleReceiver"
174-->[androidx.work:work-runtime:2.9.0] AndroidManifest.xml:111:13-88
175            android:directBootAware="false"
175-->[androidx.work:work-runtime:2.9.0] AndroidManifest.xml:112:13-44
176            android:enabled="false"
176-->[androidx.work:work-runtime:2.9.0] AndroidManifest.xml:113:13-36
177            android:exported="false" >
177-->[androidx.work:work-runtime:2.9.0] AndroidManifest.xml:114:13-37
178            <intent-filter>
178-->[androidx.work:work-runtime:2.9.0] AndroidManifest.xml:116:13-120:29
179                <action android:name="android.intent.action.BOOT_COMPLETED" />
179-->[androidx.work:work-runtime:2.9.0] AndroidManifest.xml:117:17-79
179-->[androidx.work:work-runtime:2.9.0] AndroidManifest.xml:117:25-76
180                <action android:name="android.intent.action.TIME_SET" />
180-->[androidx.work:work-runtime:2.9.0] AndroidManifest.xml:118:17-73
180-->[androidx.work:work-runtime:2.9.0] AndroidManifest.xml:118:25-70
181                <action android:name="android.intent.action.TIMEZONE_CHANGED" />
181-->[androidx.work:work-runtime:2.9.0] AndroidManifest.xml:119:17-81
181-->[androidx.work:work-runtime:2.9.0] AndroidManifest.xml:119:25-78
182            </intent-filter>
183        </receiver>
184        <receiver
184-->[androidx.work:work-runtime:2.9.0] AndroidManifest.xml:122:9-131:20
185            android:name="androidx.work.impl.background.systemalarm.ConstraintProxyUpdateReceiver"
185-->[androidx.work:work-runtime:2.9.0] AndroidManifest.xml:123:13-99
186            android:directBootAware="false"
186-->[androidx.work:work-runtime:2.9.0] AndroidManifest.xml:124:13-44
187            android:enabled="@bool/enable_system_alarm_service_default"
187-->[androidx.work:work-runtime:2.9.0] AndroidManifest.xml:125:13-72
188            android:exported="false" >
188-->[androidx.work:work-runtime:2.9.0] AndroidManifest.xml:126:13-37
189            <intent-filter>
189-->[androidx.work:work-runtime:2.9.0] AndroidManifest.xml:128:13-130:29
190                <action android:name="androidx.work.impl.background.systemalarm.UpdateProxies" />
190-->[androidx.work:work-runtime:2.9.0] AndroidManifest.xml:129:17-98
190-->[androidx.work:work-runtime:2.9.0] AndroidManifest.xml:129:25-95
191            </intent-filter>
192        </receiver>
193        <receiver
193-->[androidx.work:work-runtime:2.9.0] AndroidManifest.xml:132:9-142:20
194            android:name="androidx.work.impl.diagnostics.DiagnosticsReceiver"
194-->[androidx.work:work-runtime:2.9.0] AndroidManifest.xml:133:13-78
195            android:directBootAware="false"
195-->[androidx.work:work-runtime:2.9.0] AndroidManifest.xml:134:13-44
196            android:enabled="true"
196-->[androidx.work:work-runtime:2.9.0] AndroidManifest.xml:135:13-35
197            android:exported="true"
197-->[androidx.work:work-runtime:2.9.0] AndroidManifest.xml:136:13-36
198            android:permission="android.permission.DUMP" >
198-->[androidx.work:work-runtime:2.9.0] AndroidManifest.xml:137:13-57
199            <intent-filter>
199-->[androidx.work:work-runtime:2.9.0] AndroidManifest.xml:139:13-141:29
200                <action android:name="androidx.work.diagnostics.REQUEST_DIAGNOSTICS" />
200-->[androidx.work:work-runtime:2.9.0] AndroidManifest.xml:140:17-88
200-->[androidx.work:work-runtime:2.9.0] AndroidManifest.xml:140:25-85
201            </intent-filter>
202        </receiver>
203
204        <service
204-->[androidx.room:room-runtime:2.6.0] AndroidManifest.xml:24:9-28:63
205            android:name="androidx.room.MultiInstanceInvalidationService"
205-->[androidx.room:room-runtime:2.6.0] AndroidManifest.xml:25:13-74
206            android:directBootAware="true"
206-->[androidx.room:room-runtime:2.6.0] AndroidManifest.xml:26:13-43
207            android:exported="false" />
207-->[androidx.room:room-runtime:2.6.0] AndroidManifest.xml:27:13-37
208
209        <receiver
209-->[androidx.profileinstaller:profileinstaller:1.3.0] AndroidManifest.xml:34:9-52:20
210            android:name="androidx.profileinstaller.ProfileInstallReceiver"
210-->[androidx.profileinstaller:profileinstaller:1.3.0] AndroidManifest.xml:35:13-76
211            android:directBootAware="false"
211-->[androidx.profileinstaller:profileinstaller:1.3.0] AndroidManifest.xml:36:13-44
212            android:enabled="true"
212-->[androidx.profileinstaller:profileinstaller:1.3.0] AndroidManifest.xml:37:13-35
213            android:exported="true"
213-->[androidx.profileinstaller:profileinstaller:1.3.0] AndroidManifest.xml:38:13-36
214            android:permission="android.permission.DUMP" >
214-->[androidx.profileinstaller:profileinstaller:1.3.0] AndroidManifest.xml:39:13-57
215            <intent-filter>
215-->[androidx.profileinstaller:profileinstaller:1.3.0] AndroidManifest.xml:40:13-42:29
216                <action android:name="androidx.profileinstaller.action.INSTALL_PROFILE" />
216-->[androidx.profileinstaller:profileinstaller:1.3.0] AndroidManifest.xml:41:17-91
216-->[androidx.profileinstaller:profileinstaller:1.3.0] AndroidManifest.xml:41:25-88
217            </intent-filter>
218            <intent-filter>
218-->[androidx.profileinstaller:profileinstaller:1.3.0] AndroidManifest.xml:43:13-45:29
219                <action android:name="androidx.profileinstaller.action.SKIP_FILE" />
219-->[androidx.profileinstaller:profileinstaller:1.3.0] AndroidManifest.xml:44:17-85
219-->[androidx.profileinstaller:profileinstaller:1.3.0] AndroidManifest.xml:44:25-82
220            </intent-filter>
221            <intent-filter>
221-->[androidx.profileinstaller:profileinstaller:1.3.0] AndroidManifest.xml:46:13-48:29
222                <action android:name="androidx.profileinstaller.action.SAVE_PROFILE" />
222-->[androidx.profileinstaller:profileinstaller:1.3.0] AndroidManifest.xml:47:17-88
222-->[androidx.profileinstaller:profileinstaller:1.3.0] AndroidManifest.xml:47:25-85
223            </intent-filter>
224            <intent-filter>
224-->[androidx.profileinstaller:profileinstaller:1.3.0] AndroidManifest.xml:49:13-51:29
225                <action android:name="androidx.profileinstaller.action.BENCHMARK_OPERATION" />
225-->[androidx.profileinstaller:profileinstaller:1.3.0] AndroidManifest.xml:50:17-95
225-->[androidx.profileinstaller:profileinstaller:1.3.0] AndroidManifest.xml:50:25-92
226            </intent-filter>
227        </receiver>
228    </application>
229
230</manifest>